{"message":"Bookmark with id 4c40f843-281d-441d-aa9a-4575a128d3f9 created","level":"info"}
{"message":"Bookmark with id 4ed8ba92-6a4f-479f-8dcf-9c57bff24cf5 created","level":"info"}
{"message":"Bookmark with id 8fa84284-22fa-4c5f-b945-48ed048a7184 created","level":"info"}
{"message":"Bookmark with 8fa84284-22fa-4cdddd5f-b945-48ed048a7184 not found.","level":"error"}
{"message":"Bookmark with 8fa84284-22fa-4cdddd5f-b945-48ed048a7184 not found.","level":"error"}
{"message":"Bookmark with 8fa84284-22fa-4c5f-b945-48ed048a7184 not found.","level":"error"}
{"message":"Bookmark with 8fa84284-22fa-4cd5f-b945-48ed048a7184 not found.","level":"error"}
{"message":"Bookmark with 1 was deleted.","level":"info"}
{"message":"Bookmark with 77 not found.","level":"error"}
{"message":"Book is required","level":"error"}
{"message":"Rating is required in numeric format","level":"error"}
{"message":"Rating is required in numeric format","level":"error"}
{"message":"Rating is required in numeric format","level":"error"}
{"message":"Rating is required in numeric format","level":"error"}
{"message":"Rating is required in numeric format","level":"error"}
{"message":"Rating is required in numeric format","level":"error"}
{"message":"Bookmark with 3) not found.","level":"error"}
{"message":"Rating is required in numeric format","level":"error"}
{"message":"Rating is required in numeric format","level":"error"}
{"message":"Bookmark with 2) not found.","level":"error"}
{"message":"Rating is required in numeric format","level":"error"}
{"message":"Rating is required in numeric format","level":"error"}
{"message":"Rating is required in numeric format","level":"error"}
{"message":"Rating is required in numeric format","level":"error"}
{"message":"Rating is required in numeric format","level":"error"}
{"message":"Rating is required in numeric format","level":"error"}
{"message":"Rating is required in numeric format","level":"error"}
{"message":"Rating is required in numeric format","level":"error"}
{"message":"Rating is required in numeric format","level":"error"}
{"message":"Bookmark with 2 was deleted.","level":"info"}
{"message":"Rating is required in numeric format","level":"error"}
{"message":"Bookmark with 2 was deleted.","level":"info"}
{"message":"Rating is required in numeric format","level":"error"}
{"message":"Bookmark with 2 was deleted.","level":"info"}
